<?xml version="1.0" encoding="UTF-8"?>
<!-- Generated by org.testng.reporters.JUnitXMLReporter -->
<testsuite hostname="inlen8520026352" ignored="0" name="BankingApp Test(failed)" tests="2" failures="0" timestamp="06 Jul 2022 17:33:38 GMT" time="3.632" errors="0">
  <testcase name="@BeforeClass setup" time="2.027" classname="com.inetBanking.testCases.BaseClass">
    <failure type="org.openqa.selenium.SessionNotCreatedException" message="session not created: This version of ChromeDriver only supports Chrome version 104
Current browser version is 103.0.5060.114 with binary path C:\Program Files\Google\Chrome\Application\chrome.exe
Build info: version: &amp;apos;3.8.1&amp;apos;, revision: &amp;apos;6e95a6684b&amp;apos;, time: &amp;apos;2017-12-01T18:33:54.468Z&amp;apos;
System info: host: &amp;apos;INLEN8520026352&amp;apos;, ip: &amp;apos;192.168.0.103&amp;apos;, os.name: &amp;apos;Windows 10&amp;apos;, os.arch: &amp;apos;amd64&amp;apos;, os.version: &amp;apos;10.0&amp;apos;, java.version: &amp;apos;1.8.0_332&amp;apos;
Driver info: driver.version: ChromeDriver
remote stacktrace: Backtrace:
	Ordinal0 [0x00B9AF23+2207523]
	Ordinal0 [0x00B330E1+1781985]
	Ordinal0 [0x00A43FE8+802792]
	Ordinal0 [0x00A65AD3+940755]
	Ordinal0 [0x00A611EF+922095]
	Ordinal0 [0x00A5E9D1+911825]
	Ordinal0 [0x00A92200+1122816]
	Ordinal0 [0x00A91E5A+1121882]
	Ordinal0 [0x00A8D406+1102854]
	Ordinal0 [0x00A675F0+947696]
	Ordinal0 [0x00A684E6+951526]
	GetHandleVerifier [0x00E42A12+2733954]
	GetHandleVerifier [0x00E34E28+2677656]
	GetHandleVerifier [0x00C246EA+513114]
	GetHandleVerifier [0x00C23796+509190]
	Ordinal0 [0x00B39CEB+1809643]
	Ordinal0 [0x00B3E448+1827912]
	Ordinal0 [0x00B3E535+1828149]
	Ordinal0 [0x00B47960+1866080]
	BaseThreadInitThunk [0x76E0FA29+25]
	RtlGetAppContainerNamedObjectPath [0x77B77A9E+286]
	RtlGetAppContainerNamedObjectPath [0x77B77A6E+238]
">
      <![CDATA[org.openqa.selenium.SessionNotCreatedException: session not created: This version of ChromeDriver only supports Chrome version 104
Current browser version is 103.0.5060.114 with binary path C:\Program Files\Google\Chrome\Application\chrome.exe
Build info: version: '3.8.1', revision: '6e95a6684b', time: '2017-12-01T18:33:54.468Z'
System info: host: 'INLEN8520026352', ip: '192.168.0.103', os.name: 'Windows 10', os.arch: 'amd64', os.version: '10.0', java.version: '1.8.0_332'
Driver info: driver.version: ChromeDriver
remote stacktrace: Backtrace:
Ordinal0 [0x00B9AF23+2207523]
Ordinal0 [0x00B330E1+1781985]
Ordinal0 [0x00A43FE8+802792]
Ordinal0 [0x00A65AD3+940755]
Ordinal0 [0x00A611EF+922095]
Ordinal0 [0x00A5E9D1+911825]
Ordinal0 [0x00A92200+1122816]
Ordinal0 [0x00A91E5A+1121882]
Ordinal0 [0x00A8D406+1102854]
Ordinal0 [0x00A675F0+947696]
Ordinal0 [0x00A684E6+951526]
GetHandleVerifier [0x00E42A12+2733954]
GetHandleVerifier [0x00E34E28+2677656]
GetHandleVerifier [0x00C246EA+513114]
GetHandleVerifier [0x00C23796+509190]
Ordinal0 [0x00B39CEB+1809643]
Ordinal0 [0x00B3E448+1827912]
Ordinal0 [0x00B3E535+1828149]
Ordinal0 [0x00B47960+1866080]
BaseThreadInitThunk [0x76E0FA29+25]
RtlGetAppContainerNamedObjectPath [0x77B77A9E+286]
RtlGetAppContainerNamedObjectPath [0x77B77A6E+238]

at org.openqa.selenium.remote.W3CHandshakeResponse.lambda$new$0(W3CHandshakeResponse.java:57)
at org.openqa.selenium.remote.W3CHandshakeResponse.lambda$getResponseFunction$2(W3CHandshakeResponse.java:104)
at org.openqa.selenium.remote.ProtocolHandshake.lambda$createSession$0(ProtocolHandshake.java:123)
at java.util.stream.ReferencePipeline$3$1.accept(ReferencePipeline.java:193)
at java.util.Spliterators$ArraySpliterator.tryAdvance(Spliterators.java:958)
at java.util.stream.ReferencePipeline.forEachWithCancel(ReferencePipeline.java:126)
at java.util.stream.AbstractPipeline.copyIntoWithCancel(AbstractPipeline.java:499)
at java.util.stream.AbstractPipeline.copyInto(AbstractPipeline.java:486)
at java.util.stream.AbstractPipeline.wrapAndCopyInto(AbstractPipeline.java:472)
at java.util.stream.FindOps$FindOp.evaluateSequential(FindOps.java:152)
at java.util.stream.AbstractPipeline.evaluate(AbstractPipeline.java:234)
at java.util.stream.ReferencePipeline.findFirst(ReferencePipeline.java:531)
at org.openqa.selenium.remote.ProtocolHandshake.createSession(ProtocolHandshake.java:126)
at org.openqa.selenium.remote.ProtocolHandshake.createSession(ProtocolHandshake.java:73)
at org.openqa.selenium.remote.HttpCommandExecutor.execute(HttpCommandExecutor.java:142)
at org.openqa.selenium.remote.service.DriverCommandExecutor.execute(DriverCommandExecutor.java:83)
at org.openqa.selenium.remote.RemoteWebDriver.execute(RemoteWebDriver.java:601)
at org.openqa.selenium.remote.RemoteWebDriver.startSession(RemoteWebDriver.java:219)
at org.openqa.selenium.remote.RemoteWebDriver.<init>(RemoteWebDriver.java:142)
at org.openqa.selenium.chrome.ChromeDriver.<init>(ChromeDriver.java:181)
at org.openqa.selenium.chrome.ChromeDriver.<init>(ChromeDriver.java:168)
at org.openqa.selenium.chrome.ChromeDriver.<init>(ChromeDriver.java:123)
at com.inetBanking.testCases.BaseClass.setup(BaseClass.java:44)
... Removed 30 stack frames]]>
    </failure>
  </testcase> <!-- @BeforeClass setup -->
  <testcase name="@AfterClass tearDown" time="0.0" classname="com.inetBanking.testCases.BaseClass">
    <skipped/>
  </testcase> <!-- @AfterClass tearDown -->
  <testcase name="@BeforeClass setup" time="1.428" classname="com.inetBanking.testCases.BaseClass">
    <failure type="org.openqa.selenium.SessionNotCreatedException" message="session not created: This version of ChromeDriver only supports Chrome version 104
Current browser version is 103.0.5060.114 with binary path C:\Program Files\Google\Chrome\Application\chrome.exe
Build info: version: &amp;apos;3.8.1&amp;apos;, revision: &amp;apos;6e95a6684b&amp;apos;, time: &amp;apos;2017-12-01T18:33:54.468Z&amp;apos;
System info: host: &amp;apos;INLEN8520026352&amp;apos;, ip: &amp;apos;192.168.0.103&amp;apos;, os.name: &amp;apos;Windows 10&amp;apos;, os.arch: &amp;apos;amd64&amp;apos;, os.version: &amp;apos;10.0&amp;apos;, java.version: &amp;apos;1.8.0_332&amp;apos;
Driver info: driver.version: ChromeDriver
remote stacktrace: Backtrace:
	Ordinal0 [0x00B9AF23+2207523]
	Ordinal0 [0x00B330E1+1781985]
	Ordinal0 [0x00A43FE8+802792]
	Ordinal0 [0x00A65AD3+940755]
	Ordinal0 [0x00A611EF+922095]
	Ordinal0 [0x00A5E9D1+911825]
	Ordinal0 [0x00A92200+1122816]
	Ordinal0 [0x00A91E5A+1121882]
	Ordinal0 [0x00A8D406+1102854]
	Ordinal0 [0x00A675F0+947696]
	Ordinal0 [0x00A684E6+951526]
	GetHandleVerifier [0x00E42A12+2733954]
	GetHandleVerifier [0x00E34E28+2677656]
	GetHandleVerifier [0x00C246EA+513114]
	GetHandleVerifier [0x00C23796+509190]
	Ordinal0 [0x00B39CEB+1809643]
	Ordinal0 [0x00B3E448+1827912]
	Ordinal0 [0x00B3E535+1828149]
	Ordinal0 [0x00B47960+1866080]
	BaseThreadInitThunk [0x76E0FA29+25]
	RtlGetAppContainerNamedObjectPath [0x77B77A9E+286]
	RtlGetAppContainerNamedObjectPath [0x77B77A6E+238]
">
      <![CDATA[org.openqa.selenium.SessionNotCreatedException: session not created: This version of ChromeDriver only supports Chrome version 104
Current browser version is 103.0.5060.114 with binary path C:\Program Files\Google\Chrome\Application\chrome.exe
Build info: version: '3.8.1', revision: '6e95a6684b', time: '2017-12-01T18:33:54.468Z'
System info: host: 'INLEN8520026352', ip: '192.168.0.103', os.name: 'Windows 10', os.arch: 'amd64', os.version: '10.0', java.version: '1.8.0_332'
Driver info: driver.version: ChromeDriver
remote stacktrace: Backtrace:
Ordinal0 [0x00B9AF23+2207523]
Ordinal0 [0x00B330E1+1781985]
Ordinal0 [0x00A43FE8+802792]
Ordinal0 [0x00A65AD3+940755]
Ordinal0 [0x00A611EF+922095]
Ordinal0 [0x00A5E9D1+911825]
Ordinal0 [0x00A92200+1122816]
Ordinal0 [0x00A91E5A+1121882]
Ordinal0 [0x00A8D406+1102854]
Ordinal0 [0x00A675F0+947696]
Ordinal0 [0x00A684E6+951526]
GetHandleVerifier [0x00E42A12+2733954]
GetHandleVerifier [0x00E34E28+2677656]
GetHandleVerifier [0x00C246EA+513114]
GetHandleVerifier [0x00C23796+509190]
Ordinal0 [0x00B39CEB+1809643]
Ordinal0 [0x00B3E448+1827912]
Ordinal0 [0x00B3E535+1828149]
Ordinal0 [0x00B47960+1866080]
BaseThreadInitThunk [0x76E0FA29+25]
RtlGetAppContainerNamedObjectPath [0x77B77A9E+286]
RtlGetAppContainerNamedObjectPath [0x77B77A6E+238]

at org.openqa.selenium.remote.W3CHandshakeResponse.lambda$new$0(W3CHandshakeResponse.java:57)
at org.openqa.selenium.remote.W3CHandshakeResponse.lambda$getResponseFunction$2(W3CHandshakeResponse.java:104)
at org.openqa.selenium.remote.ProtocolHandshake.lambda$createSession$0(ProtocolHandshake.java:123)
at java.util.stream.ReferencePipeline$3$1.accept(ReferencePipeline.java:193)
at java.util.Spliterators$ArraySpliterator.tryAdvance(Spliterators.java:958)
at java.util.stream.ReferencePipeline.forEachWithCancel(ReferencePipeline.java:126)
at java.util.stream.AbstractPipeline.copyIntoWithCancel(AbstractPipeline.java:499)
at java.util.stream.AbstractPipeline.copyInto(AbstractPipeline.java:486)
at java.util.stream.AbstractPipeline.wrapAndCopyInto(AbstractPipeline.java:472)
at java.util.stream.FindOps$FindOp.evaluateSequential(FindOps.java:152)
at java.util.stream.AbstractPipeline.evaluate(AbstractPipeline.java:234)
at java.util.stream.ReferencePipeline.findFirst(ReferencePipeline.java:531)
at org.openqa.selenium.remote.ProtocolHandshake.createSession(ProtocolHandshake.java:126)
at org.openqa.selenium.remote.ProtocolHandshake.createSession(ProtocolHandshake.java:73)
at org.openqa.selenium.remote.HttpCommandExecutor.execute(HttpCommandExecutor.java:142)
at org.openqa.selenium.remote.service.DriverCommandExecutor.execute(DriverCommandExecutor.java:83)
at org.openqa.selenium.remote.RemoteWebDriver.execute(RemoteWebDriver.java:601)
at org.openqa.selenium.remote.RemoteWebDriver.startSession(RemoteWebDriver.java:219)
at org.openqa.selenium.remote.RemoteWebDriver.<init>(RemoteWebDriver.java:142)
at org.openqa.selenium.chrome.ChromeDriver.<init>(ChromeDriver.java:181)
at org.openqa.selenium.chrome.ChromeDriver.<init>(ChromeDriver.java:168)
at org.openqa.selenium.chrome.ChromeDriver.<init>(ChromeDriver.java:123)
at com.inetBanking.testCases.BaseClass.setup(BaseClass.java:44)
... Removed 30 stack frames]]>
    </failure>
  </testcase> <!-- @BeforeClass setup -->
  <testcase name="@AfterClass tearDown" time="0.0" classname="com.inetBanking.testCases.BaseClass">
    <skipped/>
  </testcase> <!-- @AfterClass tearDown -->
  <testcase name="addNewCustomer" time="0.0" classname="com.inetBanking.testCases.TC_AddCustomerTest_003">
    <skipped/>
  </testcase> <!-- addNewCustomer -->
  <testcase name="loginTest" time="0.0" classname="com.inetBanking.testCases.TC_LoginTest_001">
    <skipped/>
  </testcase> <!-- loginTest -->
</testsuite> <!-- BankingApp Test(failed) -->
